0 info it worked if it ends with ok
1 verbose cli [ '/Users/mgeorge/.nodenv/versions/6.10.2/bin/node',
1 verbose cli   '/Users/mgeorge/.nodenv/versions/6.10.2/bin/npm',
1 verbose cli   'publish' ]
2 info using npm@2.15.12
3 info using node@v6.10.2
4 verbose publish [ '.' ]
5 silly cache add args [ '.', null ]
6 verbose cache add spec .
7 silly cache add parsed spec Result {
7 silly cache add   raw: '.',
7 silly cache add   scope: null,
7 silly cache add   name: null,
7 silly cache add   rawSpec: '.',
7 silly cache add   spec: '/Users/mgeorge/projects/migeorge/react-mount-elements',
7 silly cache add   type: 'directory' }
8 verbose addLocalDirectory /Users/mgeorge/.npm/react-mount-elements/0.1.0/package.tgz not in flight; packing
9 verbose correctMkdir /Users/mgeorge/.npm correctMkdir not in flight; initializing
10 verbose tar pack [ '/Users/mgeorge/.npm/react-mount-elements/0.1.0/package.tgz',
10 verbose tar pack   '/Users/mgeorge/projects/migeorge/react-mount-elements' ]
11 verbose tarball /Users/mgeorge/.npm/react-mount-elements/0.1.0/package.tgz
12 verbose folder /Users/mgeorge/projects/migeorge/react-mount-elements
13 info prepublish react-mount-elements@0.1.0
14 verbose addLocalTarball adding from inside cache /Users/mgeorge/.npm/react-mount-elements/0.1.0/package.tgz
15 verbose correctMkdir /Users/mgeorge/.npm correctMkdir not in flight; initializing
16 silly cache afterAdd react-mount-elements@0.1.0
17 verbose afterAdd /Users/mgeorge/.npm/react-mount-elements/0.1.0/package/package.json not in flight; writing
18 verbose correctMkdir /Users/mgeorge/.npm correctMkdir not in flight; initializing
19 verbose afterAdd /Users/mgeorge/.npm/react-mount-elements/0.1.0/package/package.json written
20 silly publish { name: 'react-mount-elements',
20 silly publish   version: '0.1.0',
20 silly publish   description: 'Mount React components on HTML Elements',
20 silly publish   main: 'dist/index.js',
20 silly publish   scripts:
20 silly publish    { build: 'rm -rf ./dist && tsc',
20 silly publish      lint: 'tslint -c tslint.json --project tsconfig.json',
20 silly publish      prepublishOnly: 'yarn lint && yarn build' },
20 silly publish   repository:
20 silly publish    { type: 'git',
20 silly publish      url: 'git+https://github.com/migeorge/react-mount-elements.git' },
20 silly publish   author: { name: 'Mike George', email: 'mike@tallduck.com' },
20 silly publish   license: 'BSD-3-Clause',
20 silly publish   bugs: { url: 'https://github.com/migeorge/react-mount-elements/issues' },
20 silly publish   homepage: 'https://github.com/migeorge/react-mount-elements#readme',
20 silly publish   devDependencies:
20 silly publish    { '@types/react': '^16.4.14',
20 silly publish      '@types/react-dom': '^16.0.7',
20 silly publish      react: '^16.5.0',
20 silly publish      'react-dom': '^16.5.0',
20 silly publish      tslint: '^5.11.0',
20 silly publish      typescript: '^3.0.3' },
20 silly publish   peerDependencies: { react: '>=0.14.0 <17.0.0', 'react-dom': '>=0.14.0 <17.0.0' },
20 silly publish   readme: '# React Mount Elements\n\nQuickly setup multiple React components to mount in the DOM.\n\nThis is useful in cases where you have a monolithic application and you\'re introducing React in specific areas instead of commiting to a SPA on the frontend. It can also be used as a quick way to mount your SPA or components while supporting props passed through from your markup.\n\n## Installation\n\nFrom master:\n```\n$ yarn add https://github.com/migeorge/react-mount-elements\n```\n\n## Example\n\nwidgets.js\n```javascript\nimport reactMountElements from \'react-mount-elements\'\n\nimport Calcluator from \'./widgets/Calculator\'\nimport Clock from \'./widgets/Clock\'\nimport Stocks from \'./widgets/Stocks\'\nimport Weather from \'./widgets/Weather\'\n\nreactMountElements({\n  \'calculator-widget\': Calculator,\n  \'clock-widget\': Clock,\n  \'stocks-widget\': Stocks,\n  \'weather-widget\': Weather\n})\n```\n\ndashboard.html\n```html\n<html>\n  <body>\n    <h1>Dashboard</h1>\n\n    <div id="calculator-widget"></div>\n\n    <!-- When the Clock react component renders it\n         will recieve the prop timeZone with the\n         value passed here. -->\n    <div id="clock-widget"\n         data-props-time-zone="America/New_York"></div>\n\n    <div id="stocks-widget"></div>\n\n    <!-- When the Weather react component renders it\n         will recieve the prop location with the\n         value passed here. -->\n    <div id="weather-widget"\n         data-props-location="New York, New York, USA"></div>\n\n    <script type="text/javascript" src="widgets.js"></script>\n  </body>\n</html>\n```\n\n## License\n\nCopyright (c) 2018 Mike George. All rights reserved.\n\nRedistribution and use in source and binary forms, with or without modification, are permitted provided that the following conditions are met:\n\n1. Redistributions of source code must retain the above copyright notice, this list of conditions and the following disclaimer.\n2. Redistributions in binary form must reproduce the above copyright notice, this list of conditions and the following disclaimer in the documentation and/or other materials provided with the distribution.\n3. Neither the name of the copyright holder nor the names of its contributors may be used to endorse or promote products derived from this software without specific prior written permission.\n\nTHIS SOFTWARE IS PROVIDED BY THE COPYRIGHT HOLDERS AND CONTRIBUTORS "AS IS" AND ANY EXPRESS OR IMPLIED WARRANTIES, INCLUDING, BUT NOT LIMITED TO, THE IMPLIED WARRANTIES OF MERCHANTABILITY AND FITNESS FOR A PARTICULAR PURPOSE ARE DISCLAIMED. IN NO EVENT SHALL THE COPYRIGHT HOLDER OR CONTRIBUTORS BE LIABLE FOR ANY DIRECT, INDIRECT, INCIDENTAL, SPECIAL, EXEMPLARY, OR CONSEQUENTIAL DAMAGES (INCLUDING, BUT NOT LIMITED TO, PROCUREMENT OF SUBSTITUTE GOODS OR SERVICES; LOSS OF USE, DATA, OR PROFITS; OR BUSINESS INTERRUPTION) HOWEVER CAUSED AND ON ANY THEORY OF LIABILITY, WHETHER IN CONTRACT, STRICT LIABILITY, OR TORT (INCLUDING NEGLIGENCE OR OTHERWISE) ARISING IN ANY WAY OUT OF THE USE OF THIS SOFTWARE, EVEN IF ADVISED OF THE POSSIBILITY OF SUCH DAMAGE.\n',
20 silly publish   readmeFilename: 'README.md',
20 silly publish   gitHead: 'dfa4c9aa25ce2b61856ac5f9a7dd22a1c7921e9d',
20 silly publish   _id: 'react-mount-elements@0.1.0',
20 silly publish   _shasum: 'c56d1ea28e88fd4fb64e45e4bbfaa82f1093853c',
20 silly publish   _from: '.' }
21 verbose getPublishConfig undefined
22 silly mapToRegistry name react-mount-elements
23 silly mapToRegistry using default registry
24 silly mapToRegistry registry https://registry.npmjs.org/
25 silly mapToRegistry data Result {
25 silly mapToRegistry   raw: 'react-mount-elements',
25 silly mapToRegistry   scope: null,
25 silly mapToRegistry   name: 'react-mount-elements',
25 silly mapToRegistry   rawSpec: '',
25 silly mapToRegistry   spec: 'latest',
25 silly mapToRegistry   type: 'tag' }
26 silly mapToRegistry uri https://registry.npmjs.org/react-mount-elements
27 verbose publish registryBase https://registry.npmjs.org/
28 silly publish uploading /Users/mgeorge/.npm/react-mount-elements/0.1.0/package.tgz
29 verbose request uri https://registry.npmjs.org/react-mount-elements
30 verbose request sending authorization for write operation
31 info attempt registry request try #1 at 3:08:14 PM
32 verbose request using bearer token for auth
33 verbose request id 15294c91e6c25570
34 http request PUT https://registry.npmjs.org/react-mount-elements
35 http 400 https://registry.npmjs.org/react-mount-elements
36 verbose headers { date: 'Fri, 14 Sep 2018 19:08:14 GMT',
36 verbose headers   'content-type': 'application/json',
36 verbose headers   'content-length': '87',
36 verbose headers   connection: 'keep-alive',
36 verbose headers   'set-cookie': [ '__cfduid=db8ade71e4dae47da3e6c1d0b2571c8711536952094; expires=Sat, 14-Sep-19 19:08:14 GMT; path=/; domain=.registry.npmjs.org; HttpOnly' ],
36 verbose headers   'cf-ray': '45a5241c5acfae38-BOS',
36 verbose headers   'expect-ct': 'max-age=604800, report-uri="https://report-uri.cloudflare.com/cdn-cgi/beacon/expect-ct"',
36 verbose headers   vary: 'Accept-Encoding',
36 verbose headers   server: 'cloudflare' }
37 verbose request invalidating /Users/mgeorge/.npm/registry.npmjs.org/react-mount-elements on PUT
38 error publish Failed PUT 400
39 verbose stack Error: Cannot publish over previously published version "0.1.0". : react-mount-elements
39 verbose stack     at makeError (/Users/mgeorge/.config/yarn/global/node_modules/npm/node_modules/npm-registry-client/lib/request.js:302:12)
39 verbose stack     at CachingRegistryClient.<anonymous> (/Users/mgeorge/.config/yarn/global/node_modules/npm/node_modules/npm-registry-client/lib/request.js:290:14)
39 verbose stack     at Request._callback (/Users/mgeorge/.config/yarn/global/node_modules/npm/node_modules/npm-registry-client/lib/request.js:210:14)
39 verbose stack     at Request.self.callback (/Users/mgeorge/.config/yarn/global/node_modules/npm/node_modules/request/request.js:187:22)
39 verbose stack     at emitTwo (events.js:106:13)
39 verbose stack     at Request.emit (events.js:191:7)
39 verbose stack     at Request.<anonymous> (/Users/mgeorge/.config/yarn/global/node_modules/npm/node_modules/request/request.js:1044:10)
39 verbose stack     at emitOne (events.js:96:13)
39 verbose stack     at Request.emit (events.js:188:7)
39 verbose stack     at IncomingMessage.<anonymous> (/Users/mgeorge/.config/yarn/global/node_modules/npm/node_modules/request/request.js:965:12)
40 verbose statusCode 400
41 verbose pkgid react-mount-elements
42 verbose cwd /Users/mgeorge/projects/migeorge/react-mount-elements
43 error Darwin 17.7.0
44 error argv "/Users/mgeorge/.nodenv/versions/6.10.2/bin/node" "/Users/mgeorge/.nodenv/versions/6.10.2/bin/npm" "publish"
45 error node v6.10.2
46 error npm  v2.15.12
47 error code E400
48 error Cannot publish over previously published version "0.1.0". : react-mount-elements
49 error If you need help, you may report this error at:
49 error     <https://github.com/npm/npm/issues>
50 verbose exit [ 1, true ]
